{"/home/asuki/delivery/DocRoadMap/mobile/app/(tabs)/emailConfirmation.tsx": {"path":"/home/asuki/delivery/DocRoadMap/mobile/app/(tabs)/emailConfirmation.tsx","statementMap":{"0":{"start":{"line":4,"column":26},"end":{"line":31,"column":1}},"1":{"start":{"line":5,"column":50},"end":{"line":5,"column":62}},"2":{"start":{"line":7,"column":24},"end":{"line":9,"column":3}},"3":{"start":{"line":8,"column":4},"end":{"line":8,"column":56}},"4":{"start":{"line":11,"column":2},"end":{"line":30,"column":4}},"5":{"start":{"line":34,"column":15},"end":{"line":43,"column":1}},"6":{"start":{"line":45,"column":15},"end":{"line":92,"column":2}}},"fnMap":{"0":{"name":"(anonymous_0)","decl":{"start":{"line":4,"column":26},"end":{"line":4,"column":27}},"loc":{"start":{"line":4,"column":32},"end":{"line":31,"column":1}},"line":4},"1":{"name":"(anonymous_1)","decl":{"start":{"line":7,"column":24},"end":{"line":7,"column":25}},"loc":{"start":{"line":7,"column":30},"end":{"line":9,"column":3}},"line":7}},"branchMap":{},"s":{"0":1,"1":3,"2":3,"3":0,"4":3,"5":1,"6":1},"f":{"0":3,"1":0},"b":{},"_coverageSchema":"1a1c01bbd47fc00a2c39e90264f33305004495a9","hash":"fbd8d6dc049da823571304ff11ac52babd28ea58"}
,"/home/asuki/delivery/DocRoadMap/mobile/app/(tabs)/forgottenPassword.tsx": {"path":"/home/asuki/delivery/DocRoadMap/mobile/app/(tabs)/forgottenPassword.tsx","statementMap":{"0":{"start":{"line":4,"column":23},"end":{"line":28,"column":1}},"1":{"start":{"line":5,"column":28},"end":{"line":5,"column":40}},"2":{"start":{"line":7,"column":21},"end":{"line":9,"column":3}},"3":{"start":{"line":8,"column":4},"end":{"line":8,"column":33}},"4":{"start":{"line":11,"column":2},"end":{"line":27,"column":4}},"5":{"start":{"line":30,"column":15},"end":{"line":39,"column":1}},"6":{"start":{"line":41,"column":15},"end":{"line":83,"column":2}}},"fnMap":{"0":{"name":"(anonymous_0)","decl":{"start":{"line":4,"column":23},"end":{"line":4,"column":24}},"loc":{"start":{"line":4,"column":29},"end":{"line":28,"column":1}},"line":4},"1":{"name":"(anonymous_1)","decl":{"start":{"line":7,"column":21},"end":{"line":7,"column":22}},"loc":{"start":{"line":7,"column":27},"end":{"line":9,"column":3}},"line":7}},"branchMap":{},"s":{"0":1,"1":5,"2":5,"3":1,"4":5,"5":1,"6":1},"f":{"0":5,"1":1},"b":{},"_coverageSchema":"1a1c01bbd47fc00a2c39e90264f33305004495a9","hash":"71b06d158287c16bb4ee68de24348bab92bced7e"}
,"/home/asuki/delivery/DocRoadMap/mobile/app/(tabs)/profile.tsx": {"path":"/home/asuki/delivery/DocRoadMap/mobile/app/(tabs)/profile.tsx","statementMap":{"0":{"start":{"line":6,"column":20},"end":{"line":80,"column":1}},"1":{"start":{"line":7,"column":33},"end":{"line":7,"column":36}},"2":{"start":{"line":8,"column":38},"end":{"line":8,"column":53}},"3":{"start":{"line":9,"column":40},"end":{"line":11,"column":3}},"4":{"start":{"line":12,"column":36},"end":{"line":12,"column":52}},"5":{"start":{"line":13,"column":34},"end":{"line":13,"column":49}},"6":{"start":{"line":14,"column":28},"end":{"line":14,"column":60}},"7":{"start":{"line":16,"column":26},"end":{"line":16,"column":51}},"8":{"start":{"line":16,"column":32},"end":{"line":16,"column":51}},"9":{"start":{"line":17,"column":26},"end":{"line":17,"column":52}},"10":{"start":{"line":17,"column":32},"end":{"line":17,"column":52}},"11":{"start":{"line":18,"column":34},"end":{"line":22,"column":3}},"12":{"start":{"line":19,"column":4},"end":{"line":21,"column":5}},"13":{"start":{"line":20,"column":6},"end":{"line":20,"column":27}},"14":{"start":{"line":24,"column":30},"end":{"line":26,"column":3}},"15":{"start":{"line":25,"column":4},"end":{"line":25,"column":36}},"16":{"start":{"line":28,"column":26},"end":{"line":30,"column":3}},"17":{"start":{"line":29,"column":4},"end":{"line":29,"column":32}},"18":{"start":{"line":32,"column":2},"end":{"line":79,"column":4}},"19":{"start":{"line":82,"column":15},"end":{"line":147,"column":2}}},"fnMap":{"0":{"name":"(anonymous_0)","decl":{"start":{"line":6,"column":20},"end":{"line":6,"column":21}},"loc":{"start":{"line":6,"column":26},"end":{"line":80,"column":1}},"line":6},"1":{"name":"(anonymous_1)","decl":{"start":{"line":16,"column":26},"end":{"line":16,"column":27}},"loc":{"start":{"line":16,"column":32},"end":{"line":16,"column":51}},"line":16},"2":{"name":"(anonymous_2)","decl":{"start":{"line":17,"column":26},"end":{"line":17,"column":27}},"loc":{"start":{"line":17,"column":32},"end":{"line":17,"column":52}},"line":17},"3":{"name":"(anonymous_3)","decl":{"start":{"line":18,"column":34},"end":{"line":18,"column":35}},"loc":{"start":{"line":18,"column":53},"end":{"line":22,"column":3}},"line":18},"4":{"name":"(anonymous_4)","decl":{"start":{"line":24,"column":30},"end":{"line":24,"column":31}},"loc":{"start":{"line":24,"column":36},"end":{"line":26,"column":3}},"line":24},"5":{"name":"(anonymous_5)","decl":{"start":{"line":28,"column":26},"end":{"line":28,"column":27}},"loc":{"start":{"line":28,"column":32},"end":{"line":30,"column":3}},"line":28}},"branchMap":{"0":{"loc":{"start":{"line":19,"column":4},"end":{"line":21,"column":5}},"type":"if","locations":[{"start":{"line":19,"column":4},"end":{"line":21,"column":5}},{"start":{},"end":{}}],"line":19},"1":{"loc":{"start":{"line":47,"column":9},"end":{"line":68,"column":9}},"type":"cond-expr","locations":[{"start":{"line":48,"column":10},"end":{"line":60,"column":17}},{"start":{"line":62,"column":10},"end":{"line":67,"column":17}}],"line":47}},"s":{"0":1,"1":1,"2":1,"3":1,"4":1,"5":1,"6":1,"7":1,"8":0,"9":1,"10":0,"11":1,"12":0,"13":0,"14":1,"15":0,"16":1,"17":0,"18":1,"19":1},"f":{"0":1,"1":0,"2":0,"3":0,"4":0,"5":0},"b":{"0":[0,0],"1":[0,1]},"_coverageSchema":"1a1c01bbd47fc00a2c39e90264f33305004495a9","hash":"071148cb52907bac7f71505b42dbf1c19bfc7a01"}
,"/home/asuki/delivery/DocRoadMap/mobile/app/(tabs)/register.tsx": {"path":"/home/asuki/delivery/DocRoadMap/mobile/app/(tabs)/register.tsx","statementMap":{"0":{"start":{"line":6,"column":38},"end":{"line":6,"column":50}},"1":{"start":{"line":7,"column":36},"end":{"line":7,"column":48}},"2":{"start":{"line":8,"column":30},"end":{"line":8,"column":42}},"3":{"start":{"line":9,"column":36},"end":{"line":9,"column":48}},"4":{"start":{"line":10,"column":30},"end":{"line":10,"column":59}},"5":{"start":{"line":12,"column":4},"end":{"line":16,"column":16}},"6":{"start":{"line":13,"column":8},"end":{"line":15,"column":9}},"7":{"start":{"line":14,"column":12},"end":{"line":14,"column":25}},"8":{"start":{"line":18,"column":4},"end":{"line":73,"column":6}},"9":{"start":{"line":76,"column":15},"end":{"line":85,"column":1}},"10":{"start":{"line":87,"column":15},"end":{"line":124,"column":2}}},"fnMap":{"0":{"name":"Register","decl":{"start":{"line":5,"column":24},"end":{"line":5,"column":32}},"loc":{"start":{"line":5,"column":35},"end":{"line":74,"column":1}},"line":5},"1":{"name":"(anonymous_1)","decl":{"start":{"line":12,"column":14},"end":{"line":12,"column":15}},"loc":{"start":{"line":12,"column":20},"end":{"line":16,"column":5}},"line":12},"2":{"name":"(anonymous_2)","decl":{"start":{"line":67,"column":75},"end":{"line":67,"column":76}},"loc":{"start":{"line":67,"column":81},"end":{"line":67,"column":84}},"line":67}},"branchMap":{"0":{"loc":{"start":{"line":13,"column":8},"end":{"line":15,"column":9}},"type":"if","locations":[{"start":{"line":13,"column":8},"end":{"line":15,"column":9}},{"start":{},"end":{}}],"line":13},"1":{"loc":{"start":{"line":21,"column":22},"end":{"line":21,"column":66}},"type":"cond-expr","locations":[{"start":{"line":21,"column":46},"end":{"line":21,"column":55}},{"start":{"line":21,"column":58},"end":{"line":21,"column":66}}],"line":21},"2":{"loc":{"start":{"line":22,"column":36},"end":{"line":22,"column":69}},"type":"cond-expr","locations":[{"start":{"line":22,"column":60},"end":{"line":22,"column":64}},{"start":{"line":22,"column":67},"end":{"line":22,"column":69}}],"line":22}},"s":{"0":7,"1":7,"2":7,"3":7,"4":7,"5":7,"6":3,"7":0,"8":7,"9":1,"10":1},"f":{"0":7,"1":3,"2":1},"b":{"0":[0,3],"1":[7,0],"2":[7,0]},"_coverageSchema":"1a1c01bbd47fc00a2c39e90264f33305004495a9","hash":"831ac16a2f3d4cc8c55b4ffe40f7d5bcfb019797"}
,"/home/asuki/delivery/DocRoadMap/mobile/components/ThemedText.tsx": {"path":"/home/asuki/delivery/DocRoadMap/mobile/components/ThemedText.tsx","statementMap":{"0":{"start":{"line":18,"column":16},"end":{"line":18,"column":77}},"1":{"start":{"line":20,"column":2},"end":{"line":33,"column":4}},"2":{"start":{"line":36,"column":15},"end":{"line":60,"column":2}}},"fnMap":{"0":{"name":"ThemedText","decl":{"start":{"line":11,"column":16},"end":{"line":11,"column":26}},"loc":{"start":{"line":17,"column":20},"end":{"line":34,"column":1}},"line":17}},"branchMap":{"0":{"loc":{"start":{"line":15,"column":2},"end":{"line":15,"column":18}},"type":"default-arg","locations":[{"start":{"line":15,"column":9},"end":{"line":15,"column":18}}],"line":15},"1":{"loc":{"start":{"line":24,"column":8},"end":{"line":24,"column":55}},"type":"cond-expr","locations":[{"start":{"line":24,"column":29},"end":{"line":24,"column":43}},{"start":{"line":24,"column":46},"end":{"line":24,"column":55}}],"line":24},"2":{"loc":{"start":{"line":25,"column":8},"end":{"line":25,"column":51}},"type":"cond-expr","locations":[{"start":{"line":25,"column":27},"end":{"line":25,"column":39}},{"start":{"line":25,"column":42},"end":{"line":25,"column":51}}],"line":25},"3":{"loc":{"start":{"line":26,"column":8},"end":{"line":26,"column":71}},"type":"cond-expr","locations":[{"start":{"line":26,"column":37},"end":{"line":26,"column":59}},{"start":{"line":26,"column":62},"end":{"line":26,"column":71}}],"line":26},"4":{"loc":{"start":{"line":27,"column":8},"end":{"line":27,"column":57}},"type":"cond-expr","locations":[{"start":{"line":27,"column":30},"end":{"line":27,"column":45}},{"start":{"line":27,"column":48},"end":{"line":27,"column":57}}],"line":27},"5":{"loc":{"start":{"line":28,"column":8},"end":{"line":28,"column":49}},"type":"cond-expr","locations":[{"start":{"line":28,"column":26},"end":{"line":28,"column":37}},{"start":{"line":28,"column":40},"end":{"line":28,"column":49}}],"line":28}},"s":{"0":1,"1":1,"2":1},"f":{"0":1},"b":{"0":[1],"1":[1,0],"2":[0,1],"3":[0,1],"4":[0,1],"5":[0,1]},"_coverageSchema":"1a1c01bbd47fc00a2c39e90264f33305004495a9","hash":"ea55ee7ffc7dd3900d198ca55f2bfcf2d8801b11"}
,"/home/asuki/delivery/DocRoadMap/mobile/constants/Colors.ts": {"path":"/home/asuki/delivery/DocRoadMap/mobile/constants/Colors.ts","statementMap":{"0":{"start":{"line":6,"column":23},"end":{"line":6,"column":32}},"1":{"start":{"line":7,"column":22},"end":{"line":7,"column":28}},"2":{"start":{"line":9,"column":22},"end":{"line":26,"column":1}}},"fnMap":{},"branchMap":{},"s":{"0":1,"1":1,"2":1},"f":{},"b":{},"_coverageSchema":"1a1c01bbd47fc00a2c39e90264f33305004495a9","hash":"841b9a58ce859739ecb19aada4eb7b67c40b8295"}
,"/home/asuki/delivery/DocRoadMap/mobile/hooks/useThemeColor.ts": {"path":"/home/asuki/delivery/DocRoadMap/mobile/hooks/useThemeColor.ts","statementMap":{"0":{"start":{"line":14,"column":16},"end":{"line":14,"column":43}},"1":{"start":{"line":15,"column":25},"end":{"line":15,"column":37}},"2":{"start":{"line":17,"column":2},"end":{"line":21,"column":3}},"3":{"start":{"line":18,"column":4},"end":{"line":18,"column":26}},"4":{"start":{"line":20,"column":4},"end":{"line":20,"column":36}}},"fnMap":{"0":{"name":"useThemeColor","decl":{"start":{"line":10,"column":16},"end":{"line":10,"column":29}},"loc":{"start":{"line":13,"column":2},"end":{"line":22,"column":1}},"line":13}},"branchMap":{"0":{"loc":{"start":{"line":14,"column":16},"end":{"line":14,"column":43}},"type":"binary-expr","locations":[{"start":{"line":14,"column":16},"end":{"line":14,"column":32}},{"start":{"line":14,"column":36},"end":{"line":14,"column":43}}],"line":14},"1":{"loc":{"start":{"line":17,"column":2},"end":{"line":21,"column":3}},"type":"if","locations":[{"start":{"line":17,"column":2},"end":{"line":21,"column":3}},{"start":{"line":19,"column":9},"end":{"line":21,"column":3}}],"line":17}},"s":{"0":1,"1":1,"2":1,"3":0,"4":1},"f":{"0":1},"b":{"0":[1,0],"1":[0,1]},"_coverageSchema":"1a1c01bbd47fc00a2c39e90264f33305004495a9","hash":"84817f6561ddf4b196e5add7e2002ef34f3627b2"}
}
